----------------------------------------------------------------
Sat Dec 07 21:44:57 EST 2024D001 : [0] The Apache Software Foundation - Apache Derby - 10.16.1.1 - (1901046), [1] a816c00e-0193-a427-e146-000004940e40, [2] /home/ghobbs/Development/java/HomeBudget/hb.db, [3] jdk.internal.loader.ClassLoaders$AppClassLoader@58ceff1, [4] file:/home/ghobbs/.gradle/caches/modules-2/files-2.1/org.apache.derby/derby/10.16.1.1/f9ca2054b3e33ec3f3f19df4a7490352d82de54a/derby-10.16.1.1.jar
java.vendor=Eclipse Adoptium
java.runtime.version=17.0.9+9
user.dir=/home/ghobbs/Development/java/HomeBudget/eworkspace/HomeBudget2
os.name=Linux
os.arch=amd64
os.version=6.8.0-49-generic
derby.system.home=null
C005 : [0] 
----------------------------------------------------------------
Sat Dec 07 21:44:57 EST 2024D002 : [0] a816c00e-0193-a427-e146-000004940e40, [1] /home/ghobbs/Development/java/HomeBudget/hb.db, [2] jdk.internal.loader.ClassLoaders$AppClassLoader@58ceff1
----------------------------------------------------------------
Sat Dec 07 21:44:57 EST 2024D001 : [0] The Apache Software Foundation - Apache Derby - 10.16.1.1 - (1901046), [1] 601a400f-0193-a427-e146-000004940e40, [2] /home/ghobbs/Development/java/HomeBudget/hb.db, [3] jdk.internal.loader.ClassLoaders$AppClassLoader@58ceff1, [4] file:/home/ghobbs/.gradle/caches/modules-2/files-2.1/org.apache.derby/derby/10.16.1.1/f9ca2054b3e33ec3f3f19df4a7490352d82de54a/derby-10.16.1.1.jar
java.vendor=Eclipse Adoptium
java.runtime.version=17.0.9+9
user.dir=/home/ghobbs/Development/java/HomeBudget/eworkspace/HomeBudget2
os.name=Linux
os.arch=amd64
os.version=6.8.0-49-generic
derby.system.home=null
C005 : [0] 
